  GLSLSetup.cpp
e:\jazz\3dtexturevolumerendering\3dtexturevolumerendering\glslsetup.cpp(46): warning C4267: '=': conversion from 'size_t' to 'unsigned int', possible loss of data
e:\jazz\3dtexturevolumerendering\3dtexturevolumerendering\glslsetup.cpp(36): warning C4996: 'fopen': This function or variable may be unsafe. Consider using fopen_s instead. To disable deprecation, use _CRT_SECURE_NO_WARNINGS. See online help for details.
  c:\program files (x86)\windows kits\10\include\10.0.16299.0\ucrt\stdio.h(207): note: see declaration of 'fopen'
  main.cpp
e:\jazz\3dtexturevolumerendering\3dtexturevolumerendering\main.cpp(25): warning C4305: 'initializing': truncation from 'double' to 'float'
e:\jazz\3dtexturevolumerendering\3dtexturevolumerendering\main.cpp(43): warning C4996: 'fopen': This function or variable may be unsafe. Consider using fopen_s instead. To disable deprecation, use _CRT_SECURE_NO_WARNINGS. See online help for details.
  c:\program files (x86)\windows kits\10\include\10.0.16299.0\ucrt\stdio.h(207): note: see declaration of 'fopen'
e:\jazz\3dtexturevolumerendering\3dtexturevolumerendering\main.cpp(75): warning C4244: '=': conversion from 'double' to 'float', possible loss of data
e:\jazz\3dtexturevolumerendering\3dtexturevolumerendering\main.cpp(76): warning C4244: '=': conversion from 'double' to 'float', possible loss of data
e:\jazz\3dtexturevolumerendering\3dtexturevolumerendering\main.cpp(77): warning C4244: '=': conversion from 'double' to 'float', possible loss of data
e:\jazz\3dtexturevolumerendering\3dtexturevolumerendering\main.cpp(82): warning C4244: '=': conversion from 'double' to 'float', possible loss of data
e:\jazz\3dtexturevolumerendering\3dtexturevolumerendering\main.cpp(85): warning C4244: '=': conversion from 'double' to 'float', possible loss of data
e:\jazz\3dtexturevolumerendering\3dtexturevolumerendering\main.cpp(126): warning C4305: 'initializing': truncation from 'double' to 'float'
e:\jazz\3dtexturevolumerendering\3dtexturevolumerendering\main.cpp(143): warning C4244: '=': conversion from 'double' to 'float', possible loss of data
e:\jazz\3dtexturevolumerendering\3dtexturevolumerendering\main.cpp(227): warning C4244: 'argument': conversion from 'double' to 'GLfloat', possible loss of data
e:\jazz\3dtexturevolumerendering\3dtexturevolumerendering\main.cpp(229): warning C4244: 'argument': conversion from 'double' to 'GLfloat', possible loss of data
e:\jazz\3dtexturevolumerendering\3dtexturevolumerendering\main.cpp(231): warning C4244: 'argument': conversion from 'double' to 'GLfloat', possible loss of data
e:\jazz\3dtexturevolumerendering\3dtexturevolumerendering\main.cpp(233): warning C4244: 'argument': conversion from 'double' to 'GLfloat', possible loss of data
  Generating Code...
  3DTextureVolumeRendering.vcxproj -> E:\Jazz\3DTextureVolumeRendering\x64\Debug\3DTextureVolumeRendering.exe
